<?xml version="1.0" encoding="UTF-8"?>
<!-- Generated by org.testng.reporters.JUnitXMLReporter -->
<testsuite ignored="2" hostname="TYSS-Deepak" failures="0" tests="6" name="TestRunner-Chrome" time="111.568" errors="0" timestamp="20 Jul 2023 11:22:32 GMT">
  <testcase classname="com.comcast.crm.contacttest.CreateContactTest" name="createConTactTest" time="9.228"/>
  <testcase classname="com.comcast.crm.contacttest.CreateContactTest" name="createContactWithOrgTest" time="19.4"/>
  <testcase classname="com.comcast.crm.contacttest.CreateContactTest" name="createContactWithsupportDateTest" time="10.327"/>
  <testcase classname="com.comcast.crm.orgtest.CreateOrganizationTest" name="createOrgTest" time="11.035"/>
  <testcase classname="com.comcast.crm.orgtest.CreateOrganizationTest" name="createOrgWithIndustriesTest" time="10.226"/>
  <testcase classname="com.comcast.crm.orgtest.CreateOrganizationTest" name="createOrgwithPhoneNumberTest" time="12.772"/>
  <testcase classname="com.comcast.crm.basetest.BaseClass" name="@BeforeSuite configBS" time="0.0">
    <ignored/>
  </testcase> <!-- @BeforeSuite configBS -->
  <testcase classname="com.comcast.crm.basetest.BaseClass" name="@AfterSuite configAS" time="0.0">
    <ignored/>
  </testcase> <!-- @AfterSuite configAS -->
</testsuite> <!-- TestRunner-Chrome -->
