<?xml version="1.0" encoding="UTF-8"?>
<!-- Generated by org.testng.reporters.JUnitXMLReporter -->
<testsuite ignored="0" hostname="TYSS-Deepak" failures="0" tests="3" name="Default test" time="53.893" errors="0" timestamp="28 May 2024 14:39:24 GMT">
  <testcase classname="com.comcast.crm.orgtest.CreateOrganizationTest" name="createOrgTest" time="19.463"/>
  <testcase classname="com.comcast.crm.orgtest.CreateOrganizationTest" name="createOrgWithIndustriesTest" time="6.124"/>
  <testcase classname="com.comcast.crm.orgtest.CreateOrganizationTest" name="createOrgwithPhoneNumberTest" time="5.994"/>
</testsuite> <!-- Default test -->
