<?xml version="1.0" encoding="UTF-8"?>
<!-- Generated by org.testng.reporters.JUnitXMLReporter -->
<testsuite ignored="0" hostname="DESKTOP-GLA0AO1" failures="0" tests="10" name="Distributed Parallel4" time="16.138" errors="0" timestamp="2024-06-02T21:08:57 IST">
  <testcase classname="com.flexngate.erp.thirdparties.CreateNewCustomerTest" name="createNewThirdPartyAsCustomerTest" time="0.002">
    <skipped/>
  </testcase> <!-- createNewThirdPartyAsCustomerTest -->
  <testcase classname="com.flexngate.erp.thirdparties.CreateNewCustomerTest" name="createNewThirdPartyAsCustomerTest" time="0.001">
    <skipped/>
  </testcase> <!-- createNewThirdPartyAsCustomerTest -->
  <testcase classname="com.flexngate.erp.thirdparties.CreateNewCustomerTest" name="createNewThirdPartyAsCustomerTest" time="0.0">
    <skipped/>
  </testcase> <!-- createNewThirdPartyAsCustomerTest -->
  <testcase classname="com.flexngate.erp.thirdparties.CreateNewCustomerTest" name="createNewThirdPartyAsCustomerTest" time="0.0">
    <skipped/>
  </testcase> <!-- createNewThirdPartyAsCustomerTest -->
  <testcase classname="com.flexngate.erp.thirdparties.CreateNewCustomerTest" name="createNewThirdPartyAsCustomerTest" time="0.001">
    <skipped/>
  </testcase> <!-- createNewThirdPartyAsCustomerTest -->
  <testcase classname="com.flexngate.erp.thirdparties.CreateNewCustomerTest" name="createNewThirdPartyAsCustomerTest" time="0.0">
    <skipped/>
  </testcase> <!-- createNewThirdPartyAsCustomerTest -->
  <testcase classname="com.flexngate.erp.thirdparties.CreateNewCustomerTest" name="createNewThirdPartyAsCustomerTest" time="0.0">
    <skipped/>
  </testcase> <!-- createNewThirdPartyAsCustomerTest -->
  <testcase classname="com.flexngate.erp.thirdparties.CreateNewCustomerTest" name="createNewThirdPartyAsCustomerTest" time="0.001">
    <skipped/>
  </testcase> <!-- createNewThirdPartyAsCustomerTest -->
  <testcase classname="com.flexngate.erp.thirdparties.CreateNewCustomerTest" name="createNewThirdPartyAsCustomerTest" time="0.0">
    <skipped/>
  </testcase> <!-- createNewThirdPartyAsCustomerTest -->
  <testcase classname="com.flexngate.erp.thirdparties.CreateNewCustomerTest" name="createNewThirdPartyAsCustomerTest" time="0.0">
    <skipped/>
  </testcase> <!-- createNewThirdPartyAsCustomerTest -->
</testsuite> <!-- Distributed Parallel4 -->
