<?xml version="1.0" encoding="UTF-8"?>
<!-- Generated by org.testng.reporters.JUnitXMLReporter -->
<testsuite ignored="0" hostname="DESKTOP-GLA0AO1" failures="0" tests="10" name="Distributed Parallel2" time="37.893" errors="0" timestamp="2024-06-02T21:09:19 IST">
  <testcase classname="com.flexngate.erp.generic.basetest.BaseClass" name="@BeforeClass configBC" time="-1.717342721653E9">
    <failure type="org.testng.TestNGException" message="
Parameter &amp;apos;BROWSER&amp;apos; is required by BeforeClass on method configBC but has not been marked @Optional or defined
in C:\Users\Dell\git\FlexNGateERPGUIFramework\FlexNGateERPGUIFramework\suite_distributed_parallel_test.xml">
      <![CDATA[org.testng.TestNGException: 
Parameter 'BROWSER' is required by BeforeClass on method configBC but has not been marked @Optional or defined
in C:\Users\Dell\git\FlexNGateERPGUIFramework\FlexNGateERPGUIFramework\suite_distributed_parallel_test.xml
at java.base/java.util.ArrayList.forEach(ArrayList.java:1596)
at java.base/java.util.concurrent.FutureTask.run(FutureTask.java:317)
at java.base/java.util.concurrent.ThreadPoolExecutor.runWorker(ThreadPoolExecutor.java:1144)
at java.base/java.util.concurrent.ThreadPoolExecutor$Worker.run(ThreadPoolExecutor.java:642)
at java.base/java.lang.Thread.run(Thread.java:1583)
... Removed 12 stack frames]]>
    </failure>
  </testcase> <!-- @BeforeClass configBC -->
  <testcase classname="com.flexngate.erp.generic.basetest.BaseClass" name="@BeforeMethod configBM" time="0.0">
    <skipped/>
  </testcase> <!-- @BeforeMethod configBM -->
  <testcase classname="com.flexngate.erp.generic.basetest.BaseClass" name="@AfterMethod configAM" time="0.0">
    <skipped/>
  </testcase> <!-- @AfterMethod configAM -->
  <testcase classname="com.flexngate.erp.generic.basetest.BaseClass" name="@BeforeMethod configBM" time="0.0">
    <skipped/>
  </testcase> <!-- @BeforeMethod configBM -->
  <testcase classname="com.flexngate.erp.generic.basetest.BaseClass" name="@AfterMethod configAM" time="0.0">
    <skipped/>
  </testcase> <!-- @AfterMethod configAM -->
  <testcase classname="com.flexngate.erp.generic.basetest.BaseClass" name="@BeforeMethod configBM" time="0.0">
    <skipped/>
  </testcase> <!-- @BeforeMethod configBM -->
  <testcase classname="com.flexngate.erp.generic.basetest.BaseClass" name="@AfterMethod configAM" time="0.0">
    <skipped/>
  </testcase> <!-- @AfterMethod configAM -->
  <testcase classname="com.flexngate.erp.generic.basetest.BaseClass" name="@BeforeMethod configBM" time="0.0">
    <skipped/>
  </testcase> <!-- @BeforeMethod configBM -->
  <testcase classname="com.flexngate.erp.generic.basetest.BaseClass" name="@AfterMethod configAM" time="0.0">
    <skipped/>
  </testcase> <!-- @AfterMethod configAM -->
  <testcase classname="com.flexngate.erp.generic.basetest.BaseClass" name="@BeforeMethod configBM" time="0.0">
    <skipped/>
  </testcase> <!-- @BeforeMethod configBM -->
  <testcase classname="com.flexngate.erp.generic.basetest.BaseClass" name="@AfterMethod configAM" time="0.0">
    <skipped/>
  </testcase> <!-- @AfterMethod configAM -->
  <testcase classname="com.flexngate.erp.generic.basetest.BaseClass" name="@BeforeMethod configBM" time="0.0">
    <skipped/>
  </testcase> <!-- @BeforeMethod configBM -->
  <testcase classname="com.flexngate.erp.generic.basetest.BaseClass" name="@AfterMethod configAM" time="0.0">
    <skipped/>
  </testcase> <!-- @AfterMethod configAM -->
  <testcase classname="com.flexngate.erp.generic.basetest.BaseClass" name="@BeforeMethod configBM" time="0.0">
    <skipped/>
  </testcase> <!-- @BeforeMethod configBM -->
  <testcase classname="com.flexngate.erp.generic.basetest.BaseClass" name="@AfterMethod configAM" time="0.0">
    <skipped/>
  </testcase> <!-- @AfterMethod configAM -->
  <testcase classname="com.flexngate.erp.generic.basetest.BaseClass" name="@BeforeMethod configBM" time="0.0">
    <skipped/>
  </testcase> <!-- @BeforeMethod configBM -->
  <testcase classname="com.flexngate.erp.generic.basetest.BaseClass" name="@AfterMethod configAM" time="0.0">
    <skipped/>
  </testcase> <!-- @AfterMethod configAM -->
  <testcase classname="com.flexngate.erp.generic.basetest.BaseClass" name="@BeforeMethod configBM" time="0.0">
    <skipped/>
  </testcase> <!-- @BeforeMethod configBM -->
  <testcase classname="com.flexngate.erp.generic.basetest.BaseClass" name="@AfterMethod configAM" time="0.0">
    <skipped/>
  </testcase> <!-- @AfterMethod configAM -->
  <testcase classname="com.flexngate.erp.generic.basetest.BaseClass" name="@BeforeMethod configBM" time="0.0">
    <skipped/>
  </testcase> <!-- @BeforeMethod configBM -->
  <testcase classname="com.flexngate.erp.generic.basetest.BaseClass" name="@AfterMethod configAM" time="0.0">
    <skipped/>
  </testcase> <!-- @AfterMethod configAM -->
  <testcase classname="com.flexngate.erp.generic.basetest.BaseClass" name="@AfterClass configAC" time="0.0">
    <skipped/>
  </testcase> <!-- @AfterClass configAC -->
  <testcase classname="com.flexngate.erp.prospects.CreateNewProspectTest" name="createThirdPartyWithValidInputsTest" time="0.0">
    <skipped/>
  </testcase> <!-- createThirdPartyWithValidInputsTest -->
  <testcase classname="com.flexngate.erp.prospects.CreateNewProspectTest" name="createThirdPartyWithValidInputsTest" time="0.0">
    <skipped/>
  </testcase> <!-- createThirdPartyWithValidInputsTest -->
  <testcase classname="com.flexngate.erp.prospects.CreateNewProspectTest" name="createThirdPartyWithValidInputsTest" time="0.0">
    <skipped/>
  </testcase> <!-- createThirdPartyWithValidInputsTest -->
  <testcase classname="com.flexngate.erp.prospects.CreateNewProspectTest" name="createThirdPartyWithValidInputsTest" time="0.0">
    <skipped/>
  </testcase> <!-- createThirdPartyWithValidInputsTest -->
  <testcase classname="com.flexngate.erp.prospects.CreateNewProspectTest" name="createThirdPartyWithValidInputsTest" time="0.0">
    <skipped/>
  </testcase> <!-- createThirdPartyWithValidInputsTest -->
  <testcase classname="com.flexngate.erp.prospects.CreateNewProspectTest" name="createThirdPartyWithValidInputsTest" time="0.0">
    <skipped/>
  </testcase> <!-- createThirdPartyWithValidInputsTest -->
  <testcase classname="com.flexngate.erp.prospects.CreateNewProspectTest" name="createThirdPartyWithValidInputsTest" time="0.0">
    <skipped/>
  </testcase> <!-- createThirdPartyWithValidInputsTest -->
  <testcase classname="com.flexngate.erp.prospects.CreateNewProspectTest" name="createThirdPartyWithValidInputsTest" time="0.0">
    <skipped/>
  </testcase> <!-- createThirdPartyWithValidInputsTest -->
  <testcase classname="com.flexngate.erp.prospects.CreateNewProspectTest" name="createThirdPartyWithValidInputsTest" time="0.001">
    <skipped/>
  </testcase> <!-- createThirdPartyWithValidInputsTest -->
  <testcase classname="com.flexngate.erp.prospects.CreateNewProspectTest" name="createThirdPartyWithValidInputsTest" time="0.0">
    <skipped/>
  </testcase> <!-- createThirdPartyWithValidInputsTest -->
</testsuite> <!-- Distributed Parallel2 -->
