<?xml version="1.0" encoding="UTF-8"?>
<testng-results ignored="0" total="0" passed="0" failed="0" skipped="0">
  <reporter-output>
  </reporter-output>
  <suite started-at="2024-06-02T23:18:26 IST" name="Suite" finished-at="2024-06-02T23:18:26 IST" duration-ms="24">
    <groups>
    </groups>
    <test started-at="2024-06-02T23:18:26 IST" name="Test" finished-at="2024-06-02T23:18:26 IST" duration-ms="24">
      <class name="com.flexngate.erp.thirdparties.CreateNewThirdPartyTest">
        <test-method is-config="true" signature="configBS()[pri:0, instance:com.flexngate.erp.thirdparties.CreateNewThirdPartyTest@7ee8290b]" started-at="2024-06-02T23:18:26 IST" name="configBS" finished-at="2024-06-02T23:18:26 IST" duration-ms="25" status="PASS">
          <reporter-output>
          </reporter-output>
        </test-method> <!-- configBS -->
        <test-method is-config="true" signature="configAS()[pri:0, instance:com.flexngate.erp.thirdparties.CreateNewThirdPartyTest@7ee8290b]" started-at="2024-06-02T23:18:26 IST" name="configAS" finished-at="2024-06-02T23:18:26 IST" duration-ms="1" status="PASS">
          <reporter-output>
          </reporter-output>
        </test-method> <!-- configAS -->
      </class> <!-- com.flexngate.erp.thirdparties.CreateNewThirdPartyTest -->
    </test> <!-- Test -->
  </suite> <!-- Suite -->
</testng-results>
